<?xml version="1.0" encoding="UTF-8"?>
<!-- Generated by org.testng.reporters.JUnitReportReporter -->
<testsuite hostname="LAPTOP-BGJ2SVDD" failures="0" tests="1" name="class1.AmazonSearch" time="15.989" errors="0" timestamp="2020-11-08T17:11:01 IST" skipped="0">
  <testcase classname="class1.AmazonSearch" name="searchForProduct" time="15.989"/>
  <system-out/>
</testsuite> <!-- class1.AmazonSearch -->
